{"uuid":"1820430b-4060-4190-986a-d742ca70926c","historyId":"4da3c35d30682cfc44f26cb980eeb721","fullName":"StartTest.KS.C_1_001.startTest","labels":[{"name":"package","value":"StartTest.KS.C_1_001"},{"name":"testClass","value":"StartTest.KS.C_1_001"},{"name":"testMethod","value":"startTest"},{"name":"parentSuite","value":"RegressOrder"},{"name":"suite","value":"ALL"},{"name":"subSuite","value":"StartTest.KS.C_1_001"},{"name":"host","value":"DESKTOP-DNB15MN"},{"name":"thread","value":"31052@DESKTOP-DNB15MN.TestNG-test=ALL-1(33)"},{"name":"framework","value":"testng"},{"name":"language","value":"java"}],"links":[],"name":"startTest","status":"failed","statusDetails":{"known":false,"muted":false,"flaky":false,"message":"Element not found {By.xpath: //span[text() = 'Акт']//ancestor::div[contains(@id, 'currentValueDisplay')]}\r\nExpected: exist\r\nScreenshot: file:/C:/Users/Admin-PC/IdeaProjects/autoTest/build/reports/tests/1720712766379.0.png\r\nPage source: file:/C:/Users/Admin-PC/IdeaProjects/autoTest/build/reports/tests/1720712766379.0.html\r\nTimeout: 30 s.\r\nCaused by: NoSuchElementException: Unable to locate element: //span[text() = 'Акт']//ancestor::div[contains(@id, 'currentValueDisplay')]","trace":"Element not found {By.xpath: //span[text() = 'Акт']//ancestor::div[contains(@id, 'currentValueDisplay')]}\r\nExpected: exist\r\nScreenshot: file:/C:/Users/Admin-PC/IdeaProjects/autoTest/build/reports/tests/1720712766379.0.png\r\nPage source: file:/C:/Users/Admin-PC/IdeaProjects/autoTest/build/reports/tests/1720712766379.0.html\r\nTimeout: 30 s.\r\nCaused by: NoSuchElementException: Unable to locate element: //span[text() = 'Акт']//ancestor::div[contains(@id, 'currentValueDisplay')]\r\n\tat com.codeborne.selenide.impl.WebElementSource.createElementNotFoundError(WebElementSource.java:89)\r\n\tat com.codeborne.selenide.impl.ElementFinder.createElementNotFoundError(ElementFinder.java:142)\r\n\tat com.codeborne.selenide.impl.ExceptionWrapper.wrap(ExceptionWrapper.java:32)\r\n\tat com.codeborne.selenide.impl.SelenideElementProxy.dispatchAndRetry(SelenideElementProxy.java:156)\r\n\tat com.codeborne.selenide.impl.SelenideElementProxy.invoke(SelenideElementProxy.java:86)\r\n\tat jdk.proxy2/jdk.proxy2.$Proxy12.innerText(Unknown Source)\r\n\tat Helper.FormEditDocHelper.checkFormEdit(FormEditDocHelper.java:16)\r\n\tat StartTest.KS.C_1_001.startTest(C_1_001.java:76)\r\n\tat java.base/jdk.internal.reflect.DirectMethodHandleAccessor.invoke(DirectMethodHandleAccessor.java:103)\r\n\tat java.base/java.lang.reflect.Method.invoke(Method.java:580)\r\n\tat org.testng.internal.MethodInvocationHelper.invokeMethod(MethodInvocationHelper.java:132)\r\n\tat org.testng.internal.TestInvoker.invokeMethod(TestInvoker.java:599)\r\n\tat org.testng.internal.TestInvoker.invokeTestMethod(TestInvoker.java:174)\r\n\tat org.testng.internal.MethodRunner.runInSequence(MethodRunner.java:46)\r\n\tat org.testng.internal.TestInvoker$MethodInvocationAgent.invoke(TestInvoker.java:822)\r\n\tat org.testng.internal.TestInvoker.invokeTestMethods(TestInvoker.java:147)\r\n\tat org.testng.internal.TestMethodWorker.invokeTestMethods(TestMethodWorker.java:146)\r\n\tat org.testng.internal.TestMethodWorker.run(TestMethodWorker.java:128)\r\n\tat java.base/java.util.concurrent.ThreadPoolExecutor.runWorker(ThreadPoolExecutor.java:1144)\r\n\tat java.base/java.util.concurrent.ThreadPoolExecutor$Worker.run(ThreadPoolExecutor.java:642)\r\n\tat java.base/java.lang.Thread.run(Thread.java:1570)\r\nCaused by: org.openqa.selenium.NoSuchElementException: Unable to locate element: //span[text() = 'Акт']//ancestor::div[contains(@id, 'currentValueDisplay')]\nFor documentation on this error, please visit: https://www.selenium.dev/documentation/webdriver/troubleshooting/errors#no-such-element-exception\nBuild info: version: '4.19.1', revision: 'abe0ee07dc'\nSystem info: os.name: 'Windows 11', os.arch: 'amd64', os.version: '10.0', java.version: '22'\nDriver info: org.openqa.selenium.firefox.FirefoxDriver\nCommand: [b8898c9c-7b55-49aa-8112-2027908a8856, findElement {using=xpath, value=//span[text() = 'Акт']//ancestor::div[contains(@id, 'currentValueDisplay')]}]\nCapabilities {acceptInsecureCerts: true, browserName: firefox, browserVersion: 128.0, moz:accessibilityChecks: false, moz:buildID: 20240704121409, moz:debuggerAddress: 127.0.0.1:34126, moz:geckodriverVersion: 0.34.0, moz:headless: false, moz:platformVersion: 10.0, moz:processID: 27800, moz:profile: C:\\Users\\Admin-PC\\AppData\\L..., moz:shutdownTimeout: 60000, moz:webdriverClick: true, moz:windowless: false, pageLoadStrategy: normal, platformName: windows, proxy: Proxy(), se:cdp: ws://127.0.0.1:34126/devtoo..., se:cdpVersion: 85.0, setWindowRect: true, strictFileInteractability: false, timeouts: {implicit: 0, pageLoad: 300000, script: 30000}, unhandledPromptBehavior: accept, userAgent: Mozilla/5.0 (Windows NT 10....}\nSession ID: b8898c9c-7b55-49aa-8112-2027908a8856\r\n\tat java.base/jdk.internal.reflect.DirectConstructorHandleAccessor.newInstance(DirectConstructorHandleAccessor.java:62)\r\n\tat java.base/java.lang.reflect.Constructor.newInstanceWithCaller(Constructor.java:502)\r\n\tat java.base/java.lang.reflect.Constructor.newInstance(Constructor.java:486)\r\n\tat org.openqa.selenium.remote.ErrorCodec.decode(ErrorCodec.java:167)\r\n\tat org.openqa.selenium.remote.codec.w3c.W3CHttpResponseCodec.decode(W3CHttpResponseCodec.java:138)\r\n\tat org.openqa.selenium.remote.codec.w3c.W3CHttpResponseCodec.decode(W3CHttpResponseCodec.java:50)\r\n\tat org.openqa.selenium.remote.HttpCommandExecutor.execute(HttpCommandExecutor.java:190)\r\n\tat org.openqa.selenium.remote.service.DriverCommandExecutor.invokeExecute(DriverCommandExecutor.java:216)\r\n\tat org.openqa.selenium.remote.service.DriverCommandExecutor.execute(DriverCommandExecutor.java:174)\r\n\tat org.openqa.selenium.remote.RemoteWebDriver.execute(RemoteWebDriver.java:518)\r\n\tat org.openqa.selenium.remote.ElementLocation$ElementFinder$2.findElement(ElementLocation.java:165)\r\n\tat org.openqa.selenium.remote.ElementLocation.findElement(ElementLocation.java:59)\r\n\tat org.openqa.selenium.remote.RemoteWebDriver.findElement(RemoteWebDriver.java:355)\r\n\tat org.openqa.selenium.remote.RemoteWebDriver.findElement(RemoteWebDriver.java:349)\r\n\tat com.codeborne.selenide.impl.WebElementSelector.findElement(WebElementSelector.java:73)\r\n\tat com.codeborne.selenide.impl.WebElementSelector.findElement(WebElementSelector.java:46)\r\n\tat com.codeborne.selenide.impl.WebElementSelector.findElement(WebElementSelector.java:35)\r\n\tat com.codeborne.selenide.impl.ElementFinder.getWebElement(ElementFinder.java:122)\r\n\tat com.codeborne.selenide.commands.GetInnerText.execute(GetInnerText.java:20)\r\n\tat com.codeborne.selenide.commands.GetInnerText.execute(GetInnerText.java:14)\r\n\tat com.codeborne.selenide.commands.Commands.execute(Commands.java:162)\r\n\tat com.codeborne.selenide.impl.SelenideElementProxy.dispatchAndRetry(SelenideElementProxy.java:134)\r\n\t... 17 more\r\n"},"stage":"finished","steps":[{"name":"Операция авторизации в системе.","status":"passed","stage":"finished","steps":[],"attachments":[],"parameters":[{"name":"user","value":"Object.Employees@6ba2d49b"}],"start":1720712693416,"stop":1720712696754},{"name":"Операция по созданию документа.","status":"passed","stage":"finished","steps":[],"attachments":[],"parameters":[{"name":"doc","value":"Карточка согласования"}],"start":1720712696755,"stop":1720712699157},{"name":"Операция ожидания проприсовки страницы по локаторам в КС.","status":"passed","stage":"finished","steps":[],"attachments":[],"parameters":[],"start":1720712699157,"stop":1720712700499},{"name":"Операция выбора вида документа в КС.","status":"passed","stage":"finished","steps":[],"attachments":[],"parameters":[{"name":"typeApprovalCard","value":"Прочие"},{"name":"elTypeApprovalCard","value":"Акт"}],"start":1720712700499,"stop":1720712701875},{"name":"Заполняем поле заголовок.","status":"passed","stage":"finished","steps":[],"attachments":[],"parameters":[{"name":"title","value":"Тестовый документ. Меньших И.А."}],"start":1720712701875,"stop":1720712701923},{"name":"Операция выбора категории документа.","status":"passed","stage":"finished","steps":[],"attachments":[],"parameters":[{"name":"category","value":"Открытый"}],"start":1720712701923,"stop":1720712702589},{"name":"Операция проверки полей на форме создания документа.","status":"passed","stage":"finished","steps":[],"attachments":[],"parameters":[{"name":"docType","value":"Акт"},{"name":"docCategory","value":"Открытый"}],"start":1720712702589,"stop":1720712703272},{"name":"Операция 'Сохранить проект.'","status":"passed","stage":"finished","steps":[],"attachments":[],"parameters":[],"start":1720712703272,"stop":1720712703501},{"name":"Проверяем, что РК КС создана, атрибуты отобразились.","status":"passed","stage":"finished","steps":[],"attachments":[],"parameters":[{"name":"docCategory","value":"Открытый"},{"name":"docType","value":"Акт"},{"name":"docStatus","value":"Проект"}],"start":1720712703501,"stop":1720712708254},{"name":"Операция по переходу на основную страницу АРМ СЭД.","status":"passed","stage":"finished","steps":[],"attachments":[],"parameters":[],"start":1720712708265,"stop":1720712708910},{"name":"Операция клика на узел, не имеющий подузлов.","status":"passed","stage":"finished","steps":[],"attachments":[],"parameters":[{"name":"node","value":"Созданные мной документы"}],"start":1720712709337,"stop":1720712710009},{"name":"Операция по открытию подузла 'Проекты'.","status":"passed","stage":"finished","steps":[],"attachments":[],"parameters":[{"name":"subnode","value":"Проекты"}],"start":1720712710009,"stop":1720712710458},{"name":"Операция по проверке нужного документа в узле.","status":"passed","stage":"finished","steps":[],"attachments":[],"parameters":[{"name":"docNumber","value":"У-67244-24"},{"name":"docStatus","value":"Проект"}],"start":1720712710458,"stop":1720712736236},{"name":"Операция проверки формы редактирования документа","status":"failed","statusDetails":{"known":false,"muted":false,"flaky":false,"message":"Element not found {By.xpath: //span[text() = 'Акт']//ancestor::div[contains(@id, 'currentValueDisplay')]}\r\nExpected: exist\r\nScreenshot: file:/C:/Users/Admin-PC/IdeaProjects/autoTest/build/reports/tests/1720712766379.0.png\r\nPage source: file:/C:/Users/Admin-PC/IdeaProjects/autoTest/build/reports/tests/1720712766379.0.html\r\nTimeout: 30 s.\r\nCaused by: NoSuchElementException: Unable to locate element: //span[text() = 'Акт']//ancestor::div[contains(@id, 'currentValueDisplay')]","trace":"Element not found {By.xpath: //span[text() = 'Акт']//ancestor::div[contains(@id, 'currentValueDisplay')]}\r\nExpected: exist\r\nScreenshot: file:/C:/Users/Admin-PC/IdeaProjects/autoTest/build/reports/tests/1720712766379.0.png\r\nPage source: file:/C:/Users/Admin-PC/IdeaProjects/autoTest/build/reports/tests/1720712766379.0.html\r\nTimeout: 30 s.\r\nCaused by: NoSuchElementException: Unable to locate element: //span[text() = 'Акт']//ancestor::div[contains(@id, 'currentValueDisplay')]\r\n\tat com.codeborne.selenide.impl.WebElementSource.createElementNotFoundError(WebElementSource.java:89)\r\n\tat com.codeborne.selenide.impl.ElementFinder.createElementNotFoundError(ElementFinder.java:142)\r\n\tat com.codeborne.selenide.impl.ExceptionWrapper.wrap(ExceptionWrapper.java:32)\r\n\tat com.codeborne.selenide.impl.SelenideElementProxy.dispatchAndRetry(SelenideElementProxy.java:156)\r\n\tat com.codeborne.selenide.impl.SelenideElementProxy.invoke(SelenideElementProxy.java:86)\r\n\tat jdk.proxy2/jdk.proxy2.$Proxy12.innerText(Unknown Source)\r\n\tat Helper.FormEditDocHelper.checkFormEdit(FormEditDocHelper.java:16)\r\n\tat StartTest.KS.C_1_001.startTest(C_1_001.java:76)\r\n\tat java.base/jdk.internal.reflect.DirectMethodHandleAccessor.invoke(DirectMethodHandleAccessor.java:103)\r\n\tat java.base/java.lang.reflect.Method.invoke(Method.java:580)\r\n\tat org.testng.internal.MethodInvocationHelper.invokeMethod(MethodInvocationHelper.java:132)\r\n\tat org.testng.internal.TestInvoker.invokeMethod(TestInvoker.java:599)\r\n\tat org.testng.internal.TestInvoker.invokeTestMethod(TestInvoker.java:174)\r\n\tat org.testng.internal.MethodRunner.runInSequence(MethodRunner.java:46)\r\n\tat org.testng.internal.TestInvoker$MethodInvocationAgent.invoke(TestInvoker.java:822)\r\n\tat org.testng.internal.TestInvoker.invokeTestMethods(TestInvoker.java:147)\r\n\tat org.testng.internal.TestMethodWorker.invokeTestMethods(TestMethodWorker.java:146)\r\n\tat org.testng.internal.TestMethodWorker.run(TestMethodWorker.java:128)\r\n\tat java.base/java.util.concurrent.ThreadPoolExecutor.runWorker(ThreadPoolExecutor.java:1144)\r\n\tat java.base/java.util.concurrent.ThreadPoolExecutor$Worker.run(ThreadPoolExecutor.java:642)\r\n\tat java.base/java.lang.Thread.run(Thread.java:1570)\r\nCaused by: org.openqa.selenium.NoSuchElementException: Unable to locate element: //span[text() = 'Акт']//ancestor::div[contains(@id, 'currentValueDisplay')]\nFor documentation on this error, please visit: https://www.selenium.dev/documentation/webdriver/troubleshooting/errors#no-such-element-exception\nBuild info: version: '4.19.1', revision: 'abe0ee07dc'\nSystem info: os.name: 'Windows 11', os.arch: 'amd64', os.version: '10.0', java.version: '22'\nDriver info: org.openqa.selenium.firefox.FirefoxDriver\nCommand: [b8898c9c-7b55-49aa-8112-2027908a8856, findElement {using=xpath, value=//span[text() = 'Акт']//ancestor::div[contains(@id, 'currentValueDisplay')]}]\nCapabilities {acceptInsecureCerts: true, browserName: firefox, browserVersion: 128.0, moz:accessibilityChecks: false, moz:buildID: 20240704121409, moz:debuggerAddress: 127.0.0.1:34126, moz:geckodriverVersion: 0.34.0, moz:headless: false, moz:platformVersion: 10.0, moz:processID: 27800, moz:profile: C:\\Users\\Admin-PC\\AppData\\L..., moz:shutdownTimeout: 60000, moz:webdriverClick: true, moz:windowless: false, pageLoadStrategy: normal, platformName: windows, proxy: Proxy(), se:cdp: ws://127.0.0.1:34126/devtoo..., se:cdpVersion: 85.0, setWindowRect: true, strictFileInteractability: false, timeouts: {implicit: 0, pageLoad: 300000, script: 30000}, unhandledPromptBehavior: accept, userAgent: Mozilla/5.0 (Windows NT 10....}\nSession ID: b8898c9c-7b55-49aa-8112-2027908a8856\r\n\tat java.base/jdk.internal.reflect.DirectConstructorHandleAccessor.newInstance(DirectConstructorHandleAccessor.java:62)\r\n\tat java.base/java.lang.reflect.Constructor.newInstanceWithCaller(Constructor.java:502)\r\n\tat java.base/java.lang.reflect.Constructor.newInstance(Constructor.java:486)\r\n\tat org.openqa.selenium.remote.ErrorCodec.decode(ErrorCodec.java:167)\r\n\tat org.openqa.selenium.remote.codec.w3c.W3CHttpResponseCodec.decode(W3CHttpResponseCodec.java:138)\r\n\tat org.openqa.selenium.remote.codec.w3c.W3CHttpResponseCodec.decode(W3CHttpResponseCodec.java:50)\r\n\tat org.openqa.selenium.remote.HttpCommandExecutor.execute(HttpCommandExecutor.java:190)\r\n\tat org.openqa.selenium.remote.service.DriverCommandExecutor.invokeExecute(DriverCommandExecutor.java:216)\r\n\tat org.openqa.selenium.remote.service.DriverCommandExecutor.execute(DriverCommandExecutor.java:174)\r\n\tat org.openqa.selenium.remote.RemoteWebDriver.execute(RemoteWebDriver.java:518)\r\n\tat org.openqa.selenium.remote.ElementLocation$ElementFinder$2.findElement(ElementLocation.java:165)\r\n\tat org.openqa.selenium.remote.ElementLocation.findElement(ElementLocation.java:59)\r\n\tat org.openqa.selenium.remote.RemoteWebDriver.findElement(RemoteWebDriver.java:355)\r\n\tat org.openqa.selenium.remote.RemoteWebDriver.findElement(RemoteWebDriver.java:349)\r\n\tat com.codeborne.selenide.impl.WebElementSelector.findElement(WebElementSelector.java:73)\r\n\tat com.codeborne.selenide.impl.WebElementSelector.findElement(WebElementSelector.java:46)\r\n\tat com.codeborne.selenide.impl.WebElementSelector.findElement(WebElementSelector.java:35)\r\n\tat com.codeborne.selenide.impl.ElementFinder.getWebElement(ElementFinder.java:122)\r\n\tat com.codeborne.selenide.commands.GetInnerText.execute(GetInnerText.java:20)\r\n\tat com.codeborne.selenide.commands.GetInnerText.execute(GetInnerText.java:14)\r\n\tat com.codeborne.selenide.commands.Commands.execute(Commands.java:162)\r\n\tat com.codeborne.selenide.impl.SelenideElementProxy.dispatchAndRetry(SelenideElementProxy.java:134)\r\n\t... 17 more\r\n"},"stage":"finished","steps":[],"attachments":[],"parameters":[{"name":"docType","value":"Акт"}],"start":1720712736236,"stop":1720712766439}],"attachments":[],"parameters":[],"start":1720712693050,"stop":1720712766444}